import React, {  useState, useRef , useEffect } from 'react';
import { 
  Users, 
  Plus, 
  Trash2, 
  Edit, 
  Upload, 
  Mail, 
  Phone, 
  Briefcase, 
  Check, 
  X, 
  Search, 
  ChevronRight,
  Clipboard,
  CheckCircle2,
  AlertTriangle,
  UploadCloud,
  FileText
} from 'lucide-react';
import { Employee } from '../types';
import { getEmployees, saveEmployees } from '../services/db';

export default function EmployeesView() {
  const [employees, setEmployees] = useState<Employee[]>([]);
  useEffect(() => {
    getEmployees().then(setEmployees);
  }, []);
  
  // Search and Filters
  const [searchTerm, setSearchTerm] = useState('');
  const [deptFilter, setDeptFilter] = useState('ALL');
  const [statusFilter, setStatusFilter] = useState('ALL');

  // Form States
  const [isFormOpen, setIsFormOpen] = useState(false);
  const [editingEmployee, setEditingEmployee] = useState<Employee | null>(null);
  const [name, setName] = useState('');
  const [role, setRole] = useState('');
  const [department, setDepartment] = useState('Operations');
  const [status, setStatus] = useState<'ACTIVE' | 'INACTIVE'>('ACTIVE');
  const [email, setEmail] = useState('');
  const [phone, setPhone] = useState('');

  // Departments list for filter and dropdowns
  const departments = ['Operations', 'Quality', 'Machining', 'Logistics', 'Administration', 'Engineering'];

  const filteredEmployees = employees.filter(emp => {
    const matchesSearch = emp.name.toLowerCase().includes(searchTerm.toLowerCase()) || 
                          emp.role.toLowerCase().includes(searchTerm.toLowerCase()) ||
                          (emp.email && emp.email.toLowerCase().includes(searchTerm.toLowerCase()));
    const matchesDept = deptFilter === 'ALL' || emp.department === deptFilter;
    const matchesStatus = statusFilter === 'ALL' || emp.status === statusFilter;
    return matchesSearch && matchesDept && matchesStatus;
  });

  const handleOpenAddForm = () => {
    setEditingEmployee(null);
    setName('');
    setRole('');
    setDepartment('Operations');
    setStatus('ACTIVE');
    setEmail('');
    setPhone('');
    setIsFormOpen(true);
  };

  const handleOpenEditForm = (emp: Employee) => {
    setEditingEmployee(emp);
    setName(emp.name);
    setRole(emp.role);
    setDepartment(emp.department);
    setStatus(emp.status);
    setEmail(emp.email || '');
    setPhone(emp.phone || '');
    setIsFormOpen(true);
  };

  const handleDelete = (id: string, empName: string) => {
    if (confirm(`Are you sure you want to delete ${empName}? This employee will no longer be listed in the team catalog.`)) {
      const updated = employees.filter(e => e.id !== id);
      setEmployees(updated);
      saveEmployees(updated);
    }
  };

  const handleSubmit = (e: React.FormEvent) => {
    e.preventDefault();
    if (!name.trim() || !role.trim()) return;

    let updatedList: Employee[];

    if (editingEmployee) {
      updatedList = employees.map(emp => {
        if (emp.id === editingEmployee.id) {
          return {
            ...emp,
            name: name.trim(),
            role: role.trim(),
            department,
            status,
            email: email.trim() || undefined,
            phone: phone.trim() || undefined
          };
        }
        return emp;
      });
    } else {
      const newEmployee: Employee = {
        id: `emp-${Date.now()}`,
        name: name.trim(),
        role: role.trim(),
        department,
        status,
        email: email.trim() || undefined,
        phone: phone.trim() || undefined
      };
      updatedList = [...employees, newEmployee];
    }

    setEmployees(updatedList);
    saveEmployees(updatedList);
    setIsFormOpen(false);
  };

  return (
    <div className="space-y-6">
      
      {/* Top action block */}
      <div className="flex flex-col sm:flex-row sm:items-center sm:justify-between gap-4">
        <div>
          <h2 className="font-sans font-bold text-slate-900 text-lg flex items-center space-x-2">
            <span className="p-1 bg-blue-50 text-blue-600 rounded">
              <Users className="w-5 h-5" />
            </span>
            <span>Employee Directory</span>
          </h2>
          <p className="text-xs text-slate-500 mt-1">Manage personnel records and engineering team availability to assign tasks</p>
        </div>
        
        <div className="flex items-center space-x-2 shrink-0">
          <button
            id="btn-add-employee"
            type="button"
            onClick={handleOpenAddForm}
            className="flex items-center space-x-1 px-3 py-1.5 bg-blue-600 hover:bg-blue-700 text-white text-xs font-semibold rounded-lg shadow transition-all"
          >
            <Plus className="w-4 h-4" />
            <span>Add Employee</span>
          </button>
        </div>
      </div>

      {/* Searching & filters panel */}
      <div className="bg-white border border-slate-200 rounded-xl p-4 shadow-sm grid grid-cols-1 md:grid-cols-4 gap-3">
        <div className="relative md:col-span-2">
          <Search className="w-4 h-4 text-slate-400 absolute left-3 top-2.5" />
          <input
            id="input-search-employees"
            type="text"
            placeholder="Search by name, role, or email..."
            value={searchTerm}
            onChange={(e) => setSearchTerm(e.target.value)}
            className="w-full pl-9 pr-4 py-1.5 bg-slate-50 border border-slate-200 rounded-lg text-xs text-slate-800 focus:outline-none focus:border-blue-500 font-sans"
          />
        </div>

        <div>
          <select
            id="select-dept-filter"
            value={deptFilter}
            onChange={(e) => setDeptFilter(e.target.value)}
            className="w-full px-3 py-1.5 bg-slate-50 border border-slate-200 rounded-lg text-xs text-slate-750 focus:outline-none focus:border-blue-500 font-sans"
          >
            <option value="ALL">All Departments</option>
            {departments.map(dept => (
              <option key={dept} value={dept}>{dept}</option>
            ))}
          </select>
        </div>

        <div>
          <select
            id="select-status-filter"
            value={statusFilter}
            onChange={(e) => setStatusFilter(e.target.value)}
            className="w-full px-3 py-1.5 bg-slate-50 border border-slate-200 rounded-lg text-xs text-slate-750 focus:outline-none focus:border-blue-500 font-sans"
          >
            <option value="ALL">All Statuses</option>
            <option value="ACTIVE">Active Team</option>
            <option value="INACTIVE">Inactive / Leave</option>
          </select>
        </div>
      </div>

      {/* Employees catalog list */}
      {filteredEmployees.length === 0 ? (
        <div className="p-12 text-center bg-white border border-slate-200 rounded-xl shadow-sm">
          <Users className="w-10 h-10 text-slate-300 mx-auto stroke-1 mb-2" />
          <span className="text-sm font-semibold text-slate-800 block">No Personnel Found</span>
          <p className="text-xs text-slate-400 mt-1 max-w-md mx-auto">Try matching with different filters, using the import helper, or adding employees manually above.</p>
        </div>
      ) : (
        <div className="grid grid-cols-1 md:grid-cols-2 xl:grid-cols-3 gap-4">
          {filteredEmployees.map(emp => (
            <div 
              key={emp.id}
              id={`emp-card-${emp.id}`}
              className="bg-white border border-slate-200 rounded-xl p-5 shadow-sm hover:border-slate-300 hover:shadow-md transition-all flex flex-col justify-between relative group animate-in fade-in slide-in-from-bottom-2 duration-150"
            >
              <div className="space-y-3">
                <div className="flex items-start justify-between">
                  <div className="flex items-center space-x-3 min-w-0">
                    <div className="w-10 h-10 rounded-full bg-slate-100 flex items-center justify-center shrink-0 border border-slate-200 text-slate-500 font-bold font-sans text-xs uppercase">
                      {emp.name.split(' ').map(n => n[0]).join('').substring(0, 2)}
                    </div>
                    <div className="min-w-0">
                      <h4 className="font-sans font-bold text-slate-900 text-sm truncate">{emp.name}</h4>
                      <p className="text-[11px] text-slate-500 font-semibold truncate flex items-center space-x-1">
                        <Briefcase className="w-3 h-3 text-slate-400 shrink-0" />
                        <span>{emp.role}</span>
                      </p>
                    </div>
                  </div>
                  
                  <span className={`px-2 py-0.5 rounded text-[10px] font-bold ${
                    emp.status === 'ACTIVE' 
                      ? 'bg-emerald-50 text-emerald-700' 
                      : 'bg-slate-100 text-slate-500'
                  }`}>
                    {emp.status}
                  </span>
                </div>

                <div className="pt-3 border-t border-slate-100 space-y-1.5 text-xs text-slate-600">
                  <div className="flex items-center space-x-2 text-slate-500">
                    <span className="font-semibold text-[10px] bg-slate-100 px-1.5 py-0.5 rounded text-slate-600 uppercase tracking-tight">{emp.department}</span>
                  </div>
                  {emp.email && (
                    <div className="flex items-center space-x-2 truncate">
                      <Mail className="w-3.5 h-3.5 text-slate-400 shrink-0" />
                      <span className="font-mono text-[11px] truncate">{emp.email}</span>
                    </div>
                  )}
                  {emp.phone && (
                    <div className="flex items-center space-x-2">
                      <Phone className="w-3.5 h-3.5 text-slate-400 shrink-0" />
                      <span className="font-mono text-[11px]">{emp.phone}</span>
                    </div>
                  )}
                </div>
              </div>

              {/* Action buttons drawer overlay on hover */}
              <div className="flex items-center justify-end space-x-1.5 mt-4 pt-3 border-t border-slate-50 opacity-0 group-hover:opacity-100 focus-within:opacity-100 transition-opacity">
                <button
                  id={`btn-edit-emp-${emp.id}`}
                  type="button"
                  onClick={() => handleOpenEditForm(emp)}
                  className="p-1.5 text-slate-500 hover:text-blue-600 hover:bg-slate-50 rounded transition-colors"
                  title="Edit details"
                >
                  <Edit className="w-3.5 h-3.5" />
                </button>
                <button
                  id={`btn-delete-emp-${emp.id}`}
                  type="button"
                  onClick={() => handleDelete(emp.id, emp.name)}
                  className="p-1.5 text-slate-500 hover:text-red-600 hover:bg-slate-50 rounded transition-colors"
                  title="Remove employee"
                >
                  <Trash2 className="w-3.5 h-3.5" />
                </button>
              </div>
            </div>
          ))}
        </div>
      )}

      {/* Add / Edit Form Modal */}
      {isFormOpen && (
        <div className="fixed inset-0 z-50 flex items-center justify-center p-4 bg-slate-900/50 backdrop-blur-sm">
          <div className="w-full max-w-md bg-white border border-slate-200 rounded-xl shadow-xl overflow-hidden animate-in fade-in zoom-in duration-200">
            <div className="p-5 border-b border-slate-100 flex items-center justify-between bg-slate-50">
              <h3 className="font-sans font-bold text-slate-900 text-sm flex items-center space-x-2">
                <span className="p-1 bg-blue-50 text-blue-600 rounded">
                  <Users className="w-4 h-4" />
                </span>
                <span>{editingEmployee ? 'Edit Personnel Member' : 'Add New Personnel'}</span>
              </h3>
              <button 
                type="button" 
                onClick={() => setIsFormOpen(false)}
                className="text-slate-400 hover:text-slate-600 font-bold text-base p-1"
              >
                &times;
              </button>
            </div>

            <form onSubmit={handleSubmit} className="p-5 space-y-4 text-xs text-slate-600">
              <div className="space-y-1">
                <label className="font-semibold block text-slate-700">Full Name *</label>
                <input
                  type="text"
                  required
                  value={name}
                  onChange={(e) => setName(e.target.value)}
                  placeholder="e.g. John Doe"
                  className="w-full px-3 py-2 bg-white border border-slate-200 rounded-lg focus:outline-none focus:border-blue-500 font-sans text-xs text-slate-800"
                />
              </div>

              <div className="space-y-1">
                <label className="font-semibold block text-slate-700">Designation / Role *</label>
                <input
                  type="text"
                  required
                  value={role}
                  onChange={(e) => setRole(e.target.value)}
                  placeholder="e.g. Mechanical Engineer, QC Lead"
                  className="w-full px-3 py-2 bg-white border border-slate-200 rounded-lg focus:outline-none focus:border-blue-500 font-sans text-xs text-slate-800"
                />
              </div>

              <div className="grid grid-cols-2 gap-3">
                <div className="space-y-1">
                  <label className="font-semibold block text-slate-700">Department</label>
                  <select
                    value={department}
                    onChange={(e) => setDepartment(e.target.value)}
                    className="w-full px-3 py-2 bg-white border border-slate-200 rounded-lg focus:outline-none focus:border-blue-500 font-sans text-xs text-slate-800"
                  >
                    {departments.map(dept => (
                      <option key={dept} value={dept}>{dept}</option>
                    ))}
                  </select>
                </div>

                <div className="space-y-1">
                  <label className="font-semibold block text-slate-700">Availability Status</label>
                  <select
                    value={status}
                    onChange={(e) => setStatus(e.target.value as 'ACTIVE' | 'INACTIVE')}
                    className="w-full px-3 py-2 bg-white border border-slate-200 rounded-lg focus:outline-none focus:border-blue-500 font-sans text-xs text-slate-800"
                  >
                    <option value="ACTIVE">ACTIVE</option>
                    <option value="INACTIVE">INACTIVE</option>
                  </select>
                </div>
              </div>

              <div className="space-y-1">
                <label className="font-semibold block text-slate-700">E-mail Address</label>
                <input
                  type="email"
                  value={email}
                  onChange={(e) => setEmail(e.target.value)}
                  placeholder="e.g. j.doe@sengjie.com"
                  className="w-full px-3 py-2 bg-white border border-slate-200 rounded-lg focus:outline-none focus:border-blue-500 font-sans text-xs text-slate-850"
                />
              </div>

              <div className="space-y-1">
                <label className="font-semibold block text-slate-700">Phone Contact</label>
                <input
                  type="text"
                  value={phone}
                  onChange={(e) => setPhone(e.target.value)}
                  placeholder="e.g. +60 12-345-6789"
                  className="w-full px-3 py-2 bg-white border border-slate-200 rounded-lg focus:outline-none focus:border-blue-500 font-sans text-xs text-slate-850"
                />
              </div>

              <div className="flex items-center justify-end space-x-2 pt-3 border-t border-slate-100 text-xs mt-4">
                <button
                  type="button"
                  onClick={() => setIsFormOpen(false)}
                  className="px-4 py-2 bg-slate-100 hover:bg-slate-200 text-slate-700 rounded-lg font-medium transition-colors"
                >
                  Cancel
                </button>
                <button
                  type="submit"
                  className="px-4 py-2 bg-blue-600 hover:bg-blue-700 text-white rounded-lg font-medium transition-colors shadow-sm"
                >
                  {editingEmployee ? 'Save Changes' : 'Create Record'}
                </button>
              </div>
            </form>
          </div>
        </div>
      )}

    </div>
  );
}
